Copyright 1986-2018 Xilinx, Inc. All Rights Reserved.
----------------------------------------------------------------------------------------
| Tool Version : Vivado v.2018.2 (win64) Build 2258646 Thu Jun 14 20:03:12 MDT 2018
| Date         : Wed Mar 19 01:37:46 2025
| Host         : Lawrence-ROG running 64-bit major release  (build 9200)
| Command      : report_control_sets -verbose -file Top_Student_control_sets_placed.rpt
| Design       : Top_Student
| Device       : xc7a35t
----------------------------------------------------------------------------------------

Control Set Information

Table of Contents
-----------------
1. Summary
2. Histogram
3. Flip-Flop Distribution
4. Detailed Control Set Information

1. Summary
----------

+----------------------------------------------------------+-------+
|                          Status                          | Count |
+----------------------------------------------------------+-------+
| Number of unique control sets                            |    64 |
| Unused register locations in slices containing registers |    86 |
+----------------------------------------------------------+-------+


2. Histogram
------------

+--------+--------------+
| Fanout | Control Sets |
+--------+--------------+
|      2 |            1 |
|      6 |            2 |
|      8 |            5 |
|     10 |            1 |
|     12 |            2 |
|     14 |            4 |
|    16+ |           49 |
+--------+--------------+


3. Flip-Flop Distribution
-------------------------

+--------------+-----------------------+------------------------+-----------------+--------------+
| Clock Enable | Synchronous Set/Reset | Asynchronous Set/Reset | Total Registers | Total Slices |
+--------------+-----------------------+------------------------+-----------------+--------------+
| No           | No                    | No                     |             442 |           96 |
| No           | No                    | Yes                    |            2204 |          294 |
| No           | Yes                   | No                     |             530 |           73 |
| Yes          | No                    | No                     |             248 |           37 |
| Yes          | No                    | Yes                    |             106 |           13 |
| Yes          | Yes                   | No                     |             400 |           92 |
+--------------+-----------------------+------------------------+-----------------+--------------+


4. Detailed Control Set Information
-----------------------------------

+--------------------------------------------+--------------------------------------------------------+------------------------------------------------------+------------------+----------------+
|                Clock Signal                |                      Enable Signal                     |                   Set/Reset Signal                   | Slice Load Count | Bel Load Count |
+--------------------------------------------+--------------------------------------------------------+------------------------------------------------------+------------------+----------------+
| ~clk6p25m_BUFG                             |                                                        |                                                      |                1 |              2 |
|  mouse/state0                              |                                                        |                                                      |                1 |              6 |
|  clk_25                                    |                                                        | unit_Paint/nn_inst/nn_rst                            |                3 |              6 |
|  unit_Paint/clk_s                          |                                                        |                                                      |                2 |              8 |
|  clk_25                                    | unit_Paint/nn_inst/nn1/FSM_sequential_state[1]_i_1_n_0 | unit_Paint/nn_inst/nn_algo_rst                       |                2 |              8 |
|  clk_IBUF_BUFG                             | taske4/an0hand[6]_i_2_n_0                              | taske4/an0hand[6]_i_1_n_0                            |                1 |              8 |
|  clk_25                                    | unit_Paint/nn_inst/nn1/digit[3]_i_1_n_0                | unit_Paint/nn_inst/nn_algo_rst                       |                1 |              8 |
|  clk_IBUF_BUFG                             | mouse/Inst_Ps2Interface/shift_frame                    | mouse/Inst_Ps2Interface/reset_bit_count              |                1 |              8 |
|  unit_Paint/colour_chooser_reg[15]_i_2_n_0 |                                                        |                                                      |                2 |             10 |
|  clk_25                                    | unit_Paint/nn_inst/nn1/i[5]_i_1_n_0                    | unit_Paint/nn_inst/nn_algo_rst                       |                2 |             12 |
|  clk_IBUF_BUFG                             | mouse/Inst_Ps2Interface/right_down_reg                 |                                                      |                2 |             12 |
|  clk_25                                    | unit_Paint/nn_inst/nn1/addr_inter0                     | unit_Paint/nn_inst/nn_algo_rst                       |                4 |             14 |
|  clk_25                                    | unit_Paint/nn_inst/nn1/next_out_valid                  | unit_Paint/nn_inst/nn_algo_rst                       |                2 |             14 |
|  clk6p25m_BUFG                             |                                                        |                                                      |                4 |             14 |
|  clk_IBUF_BUFG                             | mouse/Inst_Ps2Interface/delay_63clk_count[6]_i_2_n_0   | mouse/Inst_Ps2Interface/delay_63clk_count[6]_i_1_n_0 |                3 |             14 |
|  clk_IBUF_BUFG                             | mouse/Inst_Ps2Interface/y_inc_reg[0]                   |                                                      |                3 |             16 |
|  clk_IBUF_BUFG                             | mouse/Inst_Ps2Interface/x_inc_reg[0]                   |                                                      |                2 |             16 |
|  clk_IBUF_BUFG                             | mouse/Inst_Ps2Interface/load_rx_data                   |                                                      |                3 |             16 |
|  clk_IBUF_BUFG                             | mouse/write_data                                       |                                                      |                2 |             16 |
|  clk_25                                    | unit_Paint/nn_inst/nn1/addr_img0                       | unit_Paint/nn_inst/nn_algo_rst                       |                5 |             20 |
|  clk_25                                    | unit_Paint/nn_inst/nn1/digit_valid                     | unit_Paint/nn_inst/nn_rst                            |                2 |             20 |
|  clk_25                                    | unit_Paint/nn_inst/nn1/j[9]_i_1_n_0                    | unit_Paint/nn_inst/nn_algo_rst                       |                5 |             20 |
|  clk6p25m_BUFG                             |                                                        | unit_Paint/h_cnt[9]_i_1_n_0                          |                4 |             20 |
|  clk_IBUF_BUFG                             | mouse/Inst_Ps2Interface/frame[9]_i_1_n_0               |                                                      |                2 |             20 |
|  clk_25                                    | unit_Paint/nn_inst/imgw_valid_i_1_n_0                  | unit_Paint/nn_inst/nn_rst                            |                4 |             22 |
|  clk_IBUF_BUFG                             | mouse/Inst_Ps2Interface/delay_20us_count[10]_i_2_n_0   | mouse/Inst_Ps2Interface/delay_20us_count[10]_i_1_n_0 |                3 |             22 |
|  clk_25                                    |                                                        |                                                      |                5 |             24 |
|  clk_IBUF_BUFG                             | mouse/y_new_reg_n_0                                    |                                                      |                5 |             24 |
|  clk_IBUF_BUFG                             | mouse/x_new_reg_n_0                                    |                                                      |                4 |             24 |
|  clk_IBUF_BUFG                             | mouse/Inst_Ps2Interface/delay_100us_count[0]_i_2_n_0   | mouse/Inst_Ps2Interface/clear                        |                4 |             28 |
|  clk_IBUF_BUFG                             |                                                        | unit_Paint/nn_inst/nn_rst_i_1_n_0                    |                7 |             30 |
|  clk_25                                    | unit_Paint/nn_inst/nn1/addr_const[15]_i_1_n_0          | unit_Paint/nn_inst/nn_algo_rst                       |                7 |             32 |
|  clk_IBUF_BUFG                             |                                                        | unit_Paint/mouse_reset                               |                6 |             32 |
| ~clk6p25m_BUFG                             |                                                        | oled/frame_counter[16]_i_1_n_0                       |                5 |             34 |
|  mouse/left                                |                                                        |                                                      |                6 |             36 |
|  delay_reg[0]_i_3_n_0                      | oled/delay[0]_i_1_n_0                                  |                                                      |                5 |             40 |
|  clk_IBUF_BUFG                             |                                                        | mouse/reset_timeout_cnt_reg_n_0                      |                5 |             48 |
|  clk_IBUF_BUFG                             |                                                        | mouse/reset_periodic_check_cnt__0                    |                6 |             52 |
|  clk_IBUF_BUFG                             |                                                        | clk25/clear                                          |                8 |             64 |
|  clk_IBUF_BUFG                             |                                                        | clk6p25/clear                                        |                8 |             64 |
|  clk_IBUF_BUFG                             | unit_Paint/nn_inst/nn_rst_i_1_n_0                      | unit_Paint/nn_inst/rst_counter                       |                8 |             64 |
| ~clk6p25m_BUFG                             | oled/state                                             |                                                      |                9 |             64 |
|  clk_IBUF_BUFG                             | unit_Paint/nn_inst/ct_inst/nextDY                      | unit_Paint/mouse_reset                               |                7 |             64 |
|  clk_IBUF_BUFG                             |                                                        | clk1/clear                                           |                8 |             64 |
|  clk_IBUF_BUFG                             |                                                        | clk12p5/clear                                        |                8 |             64 |
| ~clk6p25m_BUFG                             |                                                        | oled/spi_word[39]_i_1_n_0                            |               14 |             90 |
|  clk_25                                    | unit_Paint/nn_inst/nn1/val_out[63]_i_1_n_0             | unit_Paint/nn_inst/nn_algo_rst                       |               44 |            128 |
|  clockMouse                                |                                                        | mouse/pixel_data_reg[65][1]                          |               16 |            128 |
|  clockMouse                                |                                                        | mouse/pixel_data_reg[65][2]                          |               19 |            128 |
|  clockMouse                                |                                                        | mouse/pixel_data_reg[1][0]                           |               18 |            128 |
|  clockMouse                                |                                                        | mouse/pixel_data_reg[1][1]                           |               17 |            128 |
|  clockMouse                                |                                                        | mouse/pixel_data_reg[129][0]                         |               20 |            128 |
|  clockMouse                                |                                                        | mouse/pixel_data_reg[257][0]                         |               16 |            128 |
|  clockMouse                                |                                                        | mouse/pixel_data_reg[257][1]                         |               14 |            128 |
|  clockMouse                                |                                                        | mouse/pixel_data_reg[65][0]                          |               18 |            128 |
|  clockMouse                                |                                                        | mouse/pixel_data_reg[193][0]                         |               16 |            128 |
|  clockMouse                                |                                                        | mouse/pixel_data_reg[257][2]                         |               15 |            128 |
|  clockMouse                                |                                                        | mouse/pixel_data_reg[193][2]                         |               17 |            128 |
|  clockMouse                                |                                                        | mouse/pixel_data_reg[1][2]                           |               16 |            128 |
|  clockMouse                                |                                                        | mouse/pixel_data_reg[129][2]                         |               21 |            128 |
|  clockMouse                                |                                                        | mouse/pixel_data_reg[129][1]                         |               16 |            128 |
|  clockMouse                                |                                                        | mouse/pixel_data_reg[193][1]                         |               14 |            128 |
|  clockMouse                                |                                                        | mouse/right                                          |               32 |            246 |
|  clk_IBUF_BUFG                             |                                                        |                                                      |               75 |            342 |
+--------------------------------------------+--------------------------------------------------------+------------------------------------------------------+------------------+----------------+


