Copyright 1986-2018 Xilinx, Inc. All Rights Reserved.
-------------------------------------------------------------------------------------------------------------------------------------------------------
| Tool Version     : Vivado v.2018.2 (win64) Build 2258646 Thu Jun 14 20:03:12 MDT 2018
| Date             : Wed Mar 19 01:38:11 2025
| Host             : Lawrence-ROG running 64-bit major release  (build 9200)
| Command          : report_power -file Top_Student_power_routed.rpt -pb Top_Student_power_summary_routed.pb -rpx Top_Student_power_routed.rpx
| Design           : Top_Student
| Device           : xc7a35tcpg236-1
| Design State     : routed
| Grade            : commercial
| Process          : typical
| Characterization : Production
-------------------------------------------------------------------------------------------------------------------------------------------------------

Power Report

Table of Contents
-----------------
1. Summary
1.1 On-Chip Components
1.2 Power Supply Summary
1.3 Confidence Level
2. Settings
2.1 Environment
2.2 Clock Constraints
3. Detailed Reports
3.1 By Hierarchy

1. Summary
----------

+--------------------------+----------------------------------+
| Total On-Chip Power (W)  | 15.729 (Junction temp exceeded!) |
| Design Power Budget (W)  | Unspecified*                     |
| Power Budget Margin (W)  | NA                               |
| Dynamic (W)              | 15.439                           |
| Device Static (W)        | 0.290                            |
| Effective TJA (C/W)      | 5.0                              |
| Max Ambient (C)          | 6.4                              |
| Junction Temperature (C) | 103.6                            |
| Confidence Level         | Low                              |
| Setting File             | ---                              |
| Simulation Activity File | ---                              |
| Design Nets Matched      | NA                               |
+--------------------------+----------------------------------+
* Specify Design Power Budget using, set_operating_conditions -design_power_budget <value in Watts>


1.1 On-Chip Components
----------------------

+----------------+-----------+----------+-----------+-----------------+
| On-Chip        | Power (W) | Used     | Available | Utilization (%) |
+----------------+-----------+----------+-----------+-----------------+
| Slice Logic    |     4.779 |     7163 |       --- |             --- |
|   LUT as Logic |     4.149 |     3580 |     20800 |           17.21 |
|   CARRY4       |     0.331 |      302 |      8150 |            3.71 |
|   F7/F8 Muxes  |     0.197 |      359 |     32600 |            1.10 |
|   Register     |     0.096 |     1965 |     41600 |            4.72 |
|   BUFG         |     0.006 |        4 |        32 |           12.50 |
|   Others       |     0.000 |      108 |       --- |             --- |
| Signals        |     4.403 |     5376 |       --- |             --- |
| Block RAM      |     0.117 |     26.5 |        50 |           53.00 |
| DSPs           |     2.212 |       19 |        90 |           21.11 |
| I/O            |     3.928 |       42 |       106 |           39.62 |
| Static Power   |     0.290 |          |           |                 |
| Total          |    15.729 |          |           |                 |
+----------------+-----------+----------+-----------+-----------------+


1.2 Power Supply Summary
------------------------

+-----------+-------------+-----------+-------------+------------+
| Source    | Voltage (V) | Total (A) | Dynamic (A) | Static (A) |
+-----------+-------------+-----------+-------------+------------+
| Vccint    |       1.000 |    11.697 |      11.514 |      0.183 |
| Vccaux    |       1.800 |     0.176 |       0.143 |      0.033 |
| Vcco33    |       3.300 |     1.109 |       1.108 |      0.001 |
| Vcco25    |       2.500 |     0.000 |       0.000 |      0.000 |
| Vcco18    |       1.800 |     0.000 |       0.000 |      0.000 |
| Vcco15    |       1.500 |     0.000 |       0.000 |      0.000 |
| Vcco135   |       1.350 |     0.000 |       0.000 |      0.000 |
| Vcco12    |       1.200 |     0.000 |       0.000 |      0.000 |
| Vccaux_io |       1.800 |     0.000 |       0.000 |      0.000 |
| Vccbram   |       1.000 |     0.019 |       0.009 |      0.009 |
| MGTAVcc   |       1.000 |     0.000 |       0.000 |      0.000 |
| MGTAVtt   |       1.200 |     0.000 |       0.000 |      0.000 |
| Vccadc    |       1.800 |     0.020 |       0.000 |      0.020 |
+-----------+-------------+-----------+-------------+------------+


1.3 Confidence Level
--------------------

+-----------------------------+------------+--------------------------------------------------------+--------------------------------------------------------------------------------------------------------------------+
| User Input Data             | Confidence | Details                                                | Action                                                                                                             |
+-----------------------------+------------+--------------------------------------------------------+--------------------------------------------------------------------------------------------------------------------+
| Design implementation state | High       | Design is routed                                       |                                                                                                                    |
| Clock nodes activity        | Low        | User specified less than 75% of clocks                 | Provide missing clock activity with a constraint file, simulation results or by editing the "By Clock Domain" view |
| I/O nodes activity          | Low        | More than 75% of inputs are missing user specification | Provide missing input activity with simulation results or by editing the "By Resource Type -> I/Os" view           |
| Internal nodes activity     | Medium     | User specified less than 25% of internal nodes         | Provide missing internal nodes activity with simulation results or by editing the "By Resource Type" views         |
| Device models               | High       | Device models are Production                           |                                                                                                                    |
|                             |            |                                                        |                                                                                                                    |
| Overall confidence level    | Low        |                                                        |                                                                                                                    |
+-----------------------------+------------+--------------------------------------------------------+--------------------------------------------------------------------------------------------------------------------+


2. Settings
-----------

2.1 Environment
---------------

+-----------------------+--------------------------+
| Ambient Temp (C)      | 25.0                     |
| ThetaJA (C/W)         | 5.0                      |
| Airflow (LFM)         | 250                      |
| Heat Sink             | medium (Medium Profile)  |
| ThetaSA (C/W)         | 4.6                      |
| Board Selection       | medium (10"x10")         |
| # of Board Layers     | 12to15 (12 to 15 Layers) |
| Board Temperature (C) | 25.0                     |
+-----------------------+--------------------------+


2.2 Clock Constraints
---------------------

+-------+--------+-----------------+
| Clock | Domain | Constraint (ns) |
+-------+--------+-----------------+


3. Detailed Reports
-------------------

3.1 By Hierarchy
----------------

+--------------------------------------------------+-----------+
| Name                                             | Power (W) |
+--------------------------------------------------+-----------+
| Top_Student                                      |    15.439 |
|   PS2Clk_IOBUF_inst                              |     0.000 |
|   PS2Data_IOBUF_inst                             |     0.000 |
|   clk1                                           |     0.191 |
|   clk12p5                                        |     0.178 |
|   clk25                                          |     0.173 |
|   clk6p25                                        |     0.213 |
|   mouse                                          |     1.504 |
|     Inst_Ps2Interface                            |     0.355 |
|   oled                                           |     0.448 |
|   taske4                                         |     0.043 |
|   unit_Paint                                     |     8.702 |
|     nn_inst                                      |     4.324 |
|       blk_mem_gen_0_inst                         |     0.131 |
|         U0                                       |     0.131 |
|           inst_blk_mem_gen                       |     0.131 |
|             gnbram.gnativebmg.native_blk_mem_gen |     0.131 |
|               valid.cstr                         |     0.131 |
|                 ramloop[0].ram.r                 |     0.131 |
|                   prim_noinit.ram                |     0.131 |
|       blk_mem_gen_const_inst                     |     0.000 |
|         U0                                       |     0.000 |
|           inst_blk_mem_gen                       |     0.000 |
|             gnbram.gnativebmg.native_blk_mem_gen |     0.000 |
|               valid.cstr                         |     0.000 |
|                 has_mux_a.A                      |     0.000 |
|                 ramloop[0].ram.r                 |     0.000 |
|                   prim_init.ram                  |     0.000 |
|                 ramloop[10].ram.r                |     0.000 |
|                   prim_init.ram                  |     0.000 |
|                 ramloop[11].ram.r                |     0.000 |
|                   prim_init.ram                  |     0.000 |
|                 ramloop[12].ram.r                |     0.000 |
|                   prim_init.ram                  |     0.000 |
|                 ramloop[13].ram.r                |     0.000 |
|                   prim_init.ram                  |     0.000 |
|                 ramloop[14].ram.r                |     0.000 |
|                   prim_init.ram                  |     0.000 |
|                 ramloop[15].ram.r                |     0.000 |
|                   prim_init.ram                  |     0.000 |
|                 ramloop[16].ram.r                |     0.000 |
|                   prim_init.ram                  |     0.000 |
|                 ramloop[17].ram.r                |     0.000 |
|                   prim_init.ram                  |     0.000 |
|                 ramloop[18].ram.r                |     0.000 |
|                   prim_init.ram                  |     0.000 |
|                 ramloop[19].ram.r                |     0.000 |
|                   prim_init.ram                  |     0.000 |
|                 ramloop[1].ram.r                 |     0.000 |
|                   prim_init.ram                  |     0.000 |
|                 ramloop[20].ram.r                |     0.000 |
|                   prim_init.ram                  |     0.000 |
|                 ramloop[21].ram.r                |     0.000 |
|                   prim_init.ram                  |     0.000 |
|                 ramloop[22].ram.r                |     0.000 |
|                   prim_init.ram                  |     0.000 |
|                 ramloop[23].ram.r                |     0.000 |
|                   prim_init.ram                  |     0.000 |
|                 ramloop[24].ram.r                |     0.000 |
|                   prim_init.ram                  |     0.000 |
|                 ramloop[25].ram.r                |     0.000 |
|                   prim_init.ram                  |     0.000 |
|                 ramloop[26].ram.r                |     0.000 |
|                   prim_init.ram                  |     0.000 |
|                 ramloop[27].ram.r                |     0.000 |
|                   prim_init.ram                  |     0.000 |
|                 ramloop[2].ram.r                 |     0.000 |
|                   prim_init.ram                  |     0.000 |
|                 ramloop[3].ram.r                 |     0.000 |
|                   prim_init.ram                  |     0.000 |
|                 ramloop[4].ram.r                 |     0.000 |
|                   prim_init.ram                  |     0.000 |
|                 ramloop[5].ram.r                 |     0.000 |
|                   prim_init.ram                  |     0.000 |
|                 ramloop[6].ram.r                 |     0.000 |
|                   prim_init.ram                  |     0.000 |
|                 ramloop[7].ram.r                 |     0.000 |
|                   prim_init.ram                  |     0.000 |
|                 ramloop[8].ram.r                 |     0.000 |
|                   prim_init.ram                  |     0.000 |
|                 ramloop[9].ram.r                 |     0.000 |
|                   prim_init.ram                  |     0.000 |
|       blk_mem_gen_img_inst                       |     0.000 |
|         U0                                       |     0.000 |
|           inst_blk_mem_gen                       |     0.000 |
|             gnbram.gnativebmg.native_blk_mem_gen |     0.000 |
|               valid.cstr                         |     0.000 |
|                 ramloop[0].ram.r                 |     0.000 |
|                   prim_init.ram                  |     0.000 |
|       blk_mem_gen_inter_inst                     |     0.000 |
|         U0                                       |     0.000 |
|           inst_blk_mem_gen                       |     0.000 |
|             gnbram.gnativebmg.native_blk_mem_gen |     0.000 |
|               valid.cstr                         |     0.000 |
|                 ramloop[0].ram.r                 |     0.000 |
|                   prim_noinit.ram                |     0.000 |
|       ct_inst                                    |     0.091 |
|       nn1                                        |     3.506 |
|     ssd1                                         |     0.006 |
+--------------------------------------------------+-----------+


