#-----------------------------------------------------------
# Vivado v2018.2 (64-bit)
# SW Build 2258646 on Thu Jun 14 20:03:12 MDT 2018
# IP Build 2256618 on Thu Jun 14 22:10:49 MDT 2018
# Start of session at: Sun Mar 23 22:27:28 2025
# Process ID: 1308
# Current directory: C:/Mac/Home/Documents/GitHub/ee2026_t4/FDP_mouse
# Command line: vivado.exe -gui_launcher_event rodinguilauncherevent2728 C:\Mac\Home\Documents\GitHub\ee2026_t4\FDP_mouse\FDP.xpr
# Log file: C:/Mac/Home/Documents/GitHub/ee2026_t4/FDP_mouse/vivado.log
# Journal file: C:/Mac/Home/Documents/GitHub/ee2026_t4/FDP_mouse\vivado.jou
#-----------------------------------------------------------
start_gui
open_project C:/Mac/Home/Documents/GitHub/ee2026_t4/FDP_mouse/FDP.xpr
INFO: [Project 1-313] Project file moved from 'C:/Users/Lawrence/Desktop/ee2026_t4/FDP_mouse' since last save.
Scanning sources...
Finished scanning sources
INFO: [IP_Flow 19-234] Refreshing IP repositories
INFO: [IP_Flow 19-1704] No user IP repositories specified
INFO: [IP_Flow 19-2313] Loaded Vivado IP repository 'C:/Xilinx/Vivado/2018.2/data/ip'.
open_project: Time (s): cpu = 00:00:17 ; elapsed = 00:00:15 . Memory (MB): peak = 839.387 ; gain = 99.391
update_compile_order -fileset sources_1
exit
INFO: [Common 17-206] Exiting Vivado at Sun Mar 23 22:28:26 2025...
