Copyright 1986-2018 Xilinx, Inc. All Rights Reserved.
----------------------------------------------------------------------------------------
| Tool Version : Vivado v.2018.2 (win64) Build 2258646 Thu Jun 14 20:03:12 MDT 2018
| Date         : Tue Mar 25 21:59:08 2025
| Host         : LAPTOP-WY running 64-bit major release  (build 9200)
| Command      : report_control_sets -verbose -file Top_Student_control_sets_placed.rpt
| Design       : Top_Student
| Device       : xc7a35t
----------------------------------------------------------------------------------------

Control Set Information

Table of Contents
-----------------
1. Summary
2. Histogram
3. Flip-Flop Distribution
4. Detailed Control Set Information

1. Summary
----------

+----------------------------------------------------------+-------+
|                          Status                          | Count |
+----------------------------------------------------------+-------+
| Number of unique control sets                            |    32 |
| Unused register locations in slices containing registers |    60 |
+----------------------------------------------------------+-------+


2. Histogram
------------

+--------+--------------+
| Fanout | Control Sets |
+--------+--------------+
|      2 |            2 |
|      8 |            4 |
|     14 |            1 |
|    16+ |           25 |
+--------+--------------+


3. Flip-Flop Distribution
-------------------------

+--------------+-----------------------+------------------------+-----------------+--------------+
| Clock Enable | Synchronous Set/Reset | Asynchronous Set/Reset | Total Registers | Total Slices |
+--------------+-----------------------+------------------------+-----------------+--------------+
| No           | No                    | No                     |             464 |           80 |
| No           | No                    | Yes                    |               0 |            0 |
| No           | Yes                   | No                     |             560 |           76 |
| Yes          | No                    | No                     |             244 |           33 |
| Yes          | No                    | Yes                    |               0 |            0 |
| Yes          | Yes                   | No                     |              72 |           11 |
+--------------+-----------------------+------------------------+-----------------+--------------+


4. Detailed Control Set Information
-----------------------------------

+--------------------------------+------------------------------------------------------+------------------------------------------------------+------------------+----------------+
|          Clock Signal          |                     Enable Signal                    |                   Set/Reset Signal                   | Slice Load Count | Bel Load Count |
+--------------------------------+------------------------------------------------------+------------------------------------------------------+------------------+----------------+
|  clk6p25m_BUFG                 |                                                      |                                                      |                1 |              2 |
| ~clk6p25m_BUFG                 |                                                      |                                                      |                1 |              2 |
|  clk_IBUF_BUFG                 |                                                      | mouse/Inst_Ps2Interface/data_inter0                  |                1 |              8 |
|  clk_IBUF_BUFG                 |                                                      | mouse/Inst_Ps2Interface/clk_inter0                   |                1 |              8 |
|  clk_IBUF_BUFG                 | mouse/Inst_Ps2Interface/y_overflow_reg               |                                                      |                1 |              8 |
|  clk_IBUF_BUFG                 | mouse/Inst_Ps2Interface/shift_frame                  | mouse/Inst_Ps2Interface/reset_bit_count              |                2 |              8 |
|  clk_IBUF_BUFG                 | mouse/Inst_Ps2Interface/delay_63clk_count[6]_i_2_n_0 | mouse/Inst_Ps2Interface/delay_63clk_count[6]_i_1_n_0 |                2 |             14 |
|  clk_IBUF_BUFG                 | mouse/write_data                                     |                                                      |                3 |             16 |
|  clk_IBUF_BUFG                 | mouse/Inst_Ps2Interface/load_rx_data                 |                                                      |                1 |             16 |
|  clk_IBUF_BUFG                 | mouse/Inst_Ps2Interface/y_inc_reg[0]                 |                                                      |                3 |             16 |
|  clk_IBUF_BUFG                 | mouse/Inst_Ps2Interface/x_inc_reg[0]                 |                                                      |                1 |             16 |
|  clk_IBUF_BUFG                 | mouse/Inst_Ps2Interface/frame[9]_i_1_n_0             |                                                      |                2 |             20 |
|  clk_IBUF_BUFG                 | mouse/Inst_Ps2Interface/delay_20us_count[10]_i_2_n_0 | mouse/Inst_Ps2Interface/delay_20us_count[10]_i_1_n_0 |                3 |             22 |
|  clk_IBUF_BUFG                 | mouse/x_new_reg_n_0                                  |                                                      |                3 |             24 |
|  clk_IBUF_BUFG                 | mouse/y_new_reg_n_0                                  |                                                      |                4 |             24 |
|  clk_IBUF_BUFG                 | mouse/Inst_Ps2Interface/delay_100us_count[0]_i_2_n_0 | mouse/Inst_Ps2Interface/clear                        |                4 |             28 |
| ~clk6p25m_BUFG                 |                                                      | display_mod/frame_counter[16]_i_1_n_0                |                5 |             34 |
|  clk_mod25m/CLK                |                                                      |                                                      |               10 |             38 |
| ~clk6p25m_BUFG                 | display_mod/delay[0]_i_1_n_0                         |                                                      |                5 |             40 |
|  clk_IBUF_BUFG                 |                                                      | mouse/reset_timeout_cnt_reg_n_0                      |                7 |             48 |
|  mouse_dir_mod/clk10hz_mod/CLK |                                                      |                                                      |                7 |             50 |
|  clk_IBUF_BUFG                 |                                                      | mouse/reset_periodic_check_cnt__0                    |                7 |             52 |
|  clk_mod_400hz/clk400hz_BUFG   |                                                      |                                                      |               11 |             60 |
|  clk_IBUF_BUFG                 |                                                      | clk_mod25m/clear                                     |                8 |             64 |
|  clk_IBUF_BUFG                 |                                                      | clk_mod_6p25m/clear                                  |                8 |             64 |
|  clk_IBUF_BUFG                 |                                                      | mouse_dir_mod/clk10hz_mod/COUNT[0]_i_1__0_n_0        |                8 |             64 |
|  clk_IBUF_BUFG                 |                                                      | mouse_dir_mod/clk6p25_mod/clear                      |                8 |             64 |
|  clk6p25m_BUFG                 |                                                      | clk_mod_400hz/clear                                  |                8 |             64 |
| ~clk6p25m_BUFG                 | display_mod/state                                    |                                                      |               10 |             64 |
| ~clk6p25m_BUFG                 |                                                      | display_mod/spi_word[39]_i_1_n_0                     |               15 |             90 |
|  SLOW_CLOCK                    |                                                      |                                                      |               11 |            100 |
|  clk_IBUF_BUFG                 |                                                      |                                                      |               39 |            212 |
+--------------------------------+------------------------------------------------------+------------------------------------------------------+------------------+----------------+


