#-----------------------------------------------------------
# Vivado v2018.2 (64-bit)
# SW Build 2258646 on Thu Jun 14 20:03:12 MDT 2018
# IP Build 2256618 on Thu Jun 14 22:10:49 MDT 2018
# Start of session at: Tue Mar 25 08:36:05 2025
# Process ID: 28208
# Current directory: C:/Users/Lawrence/Desktop/ee2026_t4/FDP_main
# Command line: vivado.exe -gui_launcher_event rodinguilauncherevent11996 C:\Users\Lawrence\Desktop\ee2026_t4\FDP_main\FDP.xpr
# Log file: C:/Users/Lawrence/Desktop/ee2026_t4/FDP_main/vivado.log
# Journal file: C:/Users/Lawrence/Desktop/ee2026_t4/FDP_main\vivado.jou
#-----------------------------------------------------------
start_gui
open_project C:/Users/Lawrence/Desktop/ee2026_t4/FDP_main/FDP.xpr
INFO: [Project 1-313] Project file moved from 'C:/Users/Christopher/Desktop/MODS/.Xil/Vivado-3416-CMS-SG-D1-13900K/PrjAr/_X_' since last save.
Scanning sources...
Finished scanning sources
INFO: [IP_Flow 19-234] Refreshing IP repositories
INFO: [IP_Flow 19-1704] No user IP repositories specified
INFO: [IP_Flow 19-2313] Loaded Vivado IP repository 'C:/Xilinx/Vivado/2018.2/data/ip'.
open_project: Time (s): cpu = 00:00:04 ; elapsed = 00:00:08 . Memory (MB): peak = 768.941 ; gain = 80.176
