#-----------------------------------------------------------
# Vivado v2018.2 (64-bit)
# SW Build 2258646 on Thu Jun 14 20:03:12 MDT 2018
# IP Build 2256618 on Thu Jun 14 22:10:49 MDT 2018
# Start of session at: Wed Mar 12 10:17:24 2025
# Process ID: 31176
# Current directory: C:/Users/Lawrence/Desktop/ee2026_t4/FDP
# Command line: vivado.exe -gui_launcher_event rodinguilauncherevent3924 C:\Users\Lawrence\Desktop\ee2026_t4\FDP\FDP.xpr
# Log file: C:/Users/Lawrence/Desktop/ee2026_t4/FDP/vivado.log
# Journal file: C:/Users/Lawrence/Desktop/ee2026_t4/FDP\vivado.jou
#-----------------------------------------------------------
start_gui
open_project C:/Users/Lawrence/Desktop/ee2026_t4/FDP/FDP.xpr
INFO: [Project 1-313] Project file moved from 'C:/Users/Lawrence/AppData/Roaming/Xilinx/Vivado/.Xil/Vivado-11164-Lawrence-ROG/PrjAr/_X_' since last save.
Scanning sources...
Finished scanning sources
INFO: [IP_Flow 19-234] Refreshing IP repositories
INFO: [IP_Flow 19-1704] No user IP repositories specified
INFO: [IP_Flow 19-2313] Loaded Vivado IP repository 'C:/Xilinx/Vivado/2018.2/data/ip'.
open_project: Time (s): cpu = 00:00:05 ; elapsed = 00:00:07 . Memory (MB): peak = 875.852 ; gain = 134.902
